ERC report (2026-07-07T13:52:25, Encoding UTF8)
Report includes: Errors, Warnings

***** Sheet /
[power_pin_not_driven]: Input Power pin not driven by any Output Power pins
    ; error
    @(2450 mils, 8650 mils): Symbol IC2 Pin 3 [VI, 전원 입력, 선]
[pin_not_connected]: Pin not connected
    ; error
    @(8900 mils, 4750 mils): Symbol J3 Pin 4 [ID, 수동, 선]
[power_pin_not_driven]: Input Power pin not driven by any Output Power pins
    ; error
    @(9150 mils, 3650 mils): Symbol #PWR015 Pin 1 [전원 입력, 선]
[pin_not_connected]: Pin not connected
    ; error
    @(9800 mils, 4950 mils): Symbol IC1 Pin 19 [~{RESET}, 입력, 선]
[pin_not_driven]: Input pin not driven by any Output pins
    ; error
    @(9800 mils, 4950 mils): Symbol IC1 Pin 19 [~{RESET}, 입력, 선]
[pin_not_connected]: Pin not connected
    ; error
    @(9800 mils, 5150 mils): Symbol IC1 Pin 27 [OSCI, 입력, 선]
[pin_not_driven]: Input pin not driven by any Output pins
    ; error
    @(9800 mils, 5150 mils): Symbol IC1 Pin 27 [OSCI, 입력, 선]
[pin_not_connected]: Pin not connected
    ; error
    @(9800 mils, 5350 mils): Symbol IC1 Pin 28 [OSCO, 출력, 선]
[power_pin_not_driven]: Input Power pin not driven by any Output Power pins
    ; error
    @(10500 mils, 3950 mils): Symbol IC1 Pin 4 [VCCIO, 전원 입력, 선]
[pin_not_connected]: Pin not connected
    ; error
    @(11400 mils, 4450 mils): Symbol IC1 Pin 3 [RTS, 출력, 낮은 출력]
[pin_not_connected]: Pin not connected
    ; error
    @(11400 mils, 4550 mils): Symbol IC1 Pin 11 [CTS, 입력, 낮은 입력]
[pin_not_driven]: Input pin not driven by any Output pins
    ; error
    @(11400 mils, 4550 mils): Symbol IC1 Pin 11 [CTS, 입력, 낮은 입력]
[pin_not_connected]: Pin not connected
    ; error
    @(11400 mils, 4750 mils): Symbol IC1 Pin 9 [DCR, 입력, 낮은 입력]
[pin_not_driven]: Input pin not driven by any Output pins
    ; error
    @(11400 mils, 4750 mils): Symbol IC1 Pin 9 [DCR, 입력, 낮은 입력]
[pin_not_connected]: Pin not connected
    ; error
    @(11400 mils, 4850 mils): Symbol IC1 Pin 10 [DCD, 입력, 낮은 입력]
[pin_not_driven]: Input pin not driven by any Output pins
    ; error
    @(11400 mils, 4850 mils): Symbol IC1 Pin 10 [DCD, 입력, 낮은 입력]
[pin_not_connected]: Pin not connected
    ; error
    @(11400 mils, 4950 mils): Symbol IC1 Pin 6 [RI, 입력, 낮은 입력]
[pin_not_driven]: Input pin not driven by any Output pins
    ; error
    @(11400 mils, 4950 mils): Symbol IC1 Pin 6 [RI, 입력, 낮은 입력]
[pin_not_connected]: Pin not connected
    ; error
    @(11400 mils, 5450 mils): Symbol IC1 Pin 13 [CBUS2, 양방향, 선]
[pin_not_connected]: Pin not connected
    ; error
    @(11400 mils, 5550 mils): Symbol IC1 Pin 14 [CBUS3, 양방향, 선]
[pin_not_connected]: Pin not connected
    ; error
    @(11400 mils, 5650 mils): Symbol IC1 Pin 12 [CBUS4, 양방향, 선]
[unconnected_wire_endpoint]: 연결되지 않은 와이어 종단점
    ; warning
    @(2600 mils, 2650 mils): Horizontal Wire, length 350 mils
[unconnected_wire_endpoint]: 연결되지 않은 와이어 종단점
    ; warning
    @(2600 mils, 2750 mils): Horizontal Wire, length 350 mils
[unconnected_wire_endpoint]: 연결되지 않은 와이어 종단점
    ; warning
    @(4150 mils, 2450 mils): Horizontal Wire, length 350 mils
[unconnected_wire_endpoint]: 연결되지 않은 와이어 종단점
    ; warning
    @(4150 mils, 2550 mils): Horizontal Wire, length 350 mils
[unconnected_wire_endpoint]: 연결되지 않은 와이어 종단점
    ; warning
    @(4150 mils, 2650 mils): Horizontal Wire, length 350 mils
[unconnected_wire_endpoint]: 연결되지 않은 와이어 종단점
    ; warning
    @(4150 mils, 2750 mils): Horizontal Wire, length 350 mils
[unconnected_wire_endpoint]: 연결되지 않은 와이어 종단점
    ; warning
    @(4150 mils, 2850 mils): Horizontal Wire, length 350 mils
[unconnected_wire_endpoint]: 연결되지 않은 와이어 종단점
    ; warning
    @(4150 mils, 3350 mils): Horizontal Wire, length 350 mils
[unconnected_wire_endpoint]: 연결되지 않은 와이어 종단점
    ; warning
    @(4150 mils, 3450 mils): Horizontal Wire, length 350 mils
[unconnected_wire_endpoint]: 연결되지 않은 와이어 종단점
    ; warning
    @(4150 mils, 3550 mils): Horizontal Wire, length 350 mils
[unconnected_wire_endpoint]: 연결되지 않은 와이어 종단점
    ; warning
    @(4150 mils, 3650 mils): Horizontal Wire, length 350 mils
[unconnected_wire_endpoint]: 연결되지 않은 와이어 종단점
    ; warning
    @(4150 mils, 3750 mils): Horizontal Wire, length 350 mils
[unconnected_wire_endpoint]: 연결되지 않은 와이어 종단점
    ; warning
    @(4150 mils, 3850 mils): Horizontal Wire, length 350 mils
[unconnected_wire_endpoint]: 연결되지 않은 와이어 종단점
    ; warning
    @(4150 mils, 3950 mils): Horizontal Wire, length 350 mils
[unconnected_wire_endpoint]: 연결되지 않은 와이어 종단점
    ; warning
    @(4150 mils, 4350 mils): Horizontal Wire, length 350 mils
[unconnected_wire_endpoint]: 연결되지 않은 와이어 종단점
    ; warning
    @(4150 mils, 4450 mils): Horizontal Wire, length 350 mils
[unconnected_wire_endpoint]: 연결되지 않은 와이어 종단점
    ; warning
    @(4150 mils, 4550 mils): Horizontal Wire, length 350 mils
[unconnected_wire_endpoint]: 연결되지 않은 와이어 종단점
    ; warning
    @(4150 mils, 4650 mils): Horizontal Wire, length 350 mils
[unconnected_wire_endpoint]: 연결되지 않은 와이어 종단점
    ; warning
    @(4150 mils, 4750 mils): Horizontal Wire, length 350 mils
[unconnected_wire_endpoint]: 연결되지 않은 와이어 종단점
    ; warning
    @(4150 mils, 4850 mils): Horizontal Wire, length 350 mils
[unconnected_wire_endpoint]: 연결되지 않은 와이어 종단점
    ; warning
    @(5350 mils, 4150 mils): Horizontal Wire, length 400 mils
[unconnected_wire_endpoint]: 연결되지 않은 와이어 종단점
    ; warning
    @(5350 mils, 4450 mils): Horizontal Wire, length 400 mils
[unconnected_wire_endpoint]: 연결되지 않은 와이어 종단점
    ; warning
    @(7500 mils, 8550 mils): Horizontal Wire, length 450 mils
[unconnected_wire_endpoint]: 연결되지 않은 와이어 종단점
    ; warning
    @(7500 mils, 8650 mils): Horizontal Wire, length 450 mils
[unconnected_wire_endpoint]: 연결되지 않은 와이어 종단점
    ; warning
    @(7500 mils, 8750 mils): Horizontal Wire, length 450 mils
[unconnected_wire_endpoint]: 연결되지 않은 와이어 종단점
    ; warning
    @(8450 mils, 8650 mils): Horizontal Wire, length 500 mils
[unconnected_wire_endpoint]: 연결되지 않은 와이어 종단점
    ; warning
    @(11400 mils, 4250 mils): Horizontal Wire, length 550 mils
[unconnected_wire_endpoint]: 연결되지 않은 와이어 종단점
    ; warning
    @(11400 mils, 4350 mils): Horizontal Wire, length 550 mils
[unconnected_wire_endpoint]: 연결되지 않은 와이어 종단점
    ; warning
    @(11850 mils, 4950 mils): Horizontal Wire, length 300 mils
[unconnected_wire_endpoint]: 연결되지 않은 와이어 종단점
    ; warning
    @(12850 mils, 1750 mils): Horizontal Wire, length 800 mils
[unconnected_wire_endpoint]: 연결되지 않은 와이어 종단점
    ; warning
    @(12850 mils, 1850 mils): Horizontal Wire, length 800 mils
[unconnected_wire_endpoint]: 연결되지 않은 와이어 종단점
    ; warning
    @(12850 mils, 1950 mils): Horizontal Wire, length 800 mils
[unconnected_wire_endpoint]: 연결되지 않은 와이어 종단점
    ; warning
    @(12850 mils, 2150 mils): Horizontal Wire, length 800 mils
[unconnected_wire_endpoint]: 연결되지 않은 와이어 종단점
    ; warning
    @(12850 mils, 2250 mils): Horizontal Wire, length 800 mils
[unconnected_wire_endpoint]: 연결되지 않은 와이어 종단점
    ; warning
    @(12850 mils, 2350 mils): Horizontal Wire, length 800 mils
[unconnected_wire_endpoint]: 연결되지 않은 와이어 종단점
    ; warning
    @(12850 mils, 2450 mils): Horizontal Wire, length 800 mils
[unconnected_wire_endpoint]: 연결되지 않은 와이어 종단점
    ; warning
    @(12850 mils, 2550 mils): Horizontal Wire, length 800 mils
[unconnected_wire_endpoint]: 연결되지 않은 와이어 종단점
    ; warning
    @(12850 mils, 2650 mils): Horizontal Wire, length 800 mils
[unconnected_wire_endpoint]: 연결되지 않은 와이어 종단점
    ; warning
    @(12850 mils, 2750 mils): Horizontal Wire, length 800 mils
[unconnected_wire_endpoint]: 연결되지 않은 와이어 종단점
    ; warning
    @(12850 mils, 2850 mils): Horizontal Wire, length 800 mils
[unconnected_wire_endpoint]: 연결되지 않은 와이어 종단점
    ; warning
    @(12850 mils, 2950 mils): Horizontal Wire, length 800 mils
[unconnected_wire_endpoint]: 연결되지 않은 와이어 종단점
    ; warning
    @(12850 mils, 3050 mils): Horizontal Wire, length 800 mils
[unconnected_wire_endpoint]: 연결되지 않은 와이어 종단점
    ; warning
    @(12850 mils, 3150 mils): Horizontal Wire, length 800 mils
[unconnected_wire_endpoint]: 연결되지 않은 와이어 종단점
    ; warning
    @(14950 mils, 1950 mils): Horizontal Wire, length 800 mils
[unconnected_wire_endpoint]: 연결되지 않은 와이어 종단점
    ; warning
    @(14950 mils, 2150 mils): Horizontal Wire, length 800 mils
[unconnected_wire_endpoint]: 연결되지 않은 와이어 종단점
    ; warning
    @(14950 mils, 2250 mils): Horizontal Wire, length 800 mils
[unconnected_wire_endpoint]: 연결되지 않은 와이어 종단점
    ; warning
    @(14950 mils, 2350 mils): Horizontal Wire, length 800 mils
[unconnected_wire_endpoint]: 연결되지 않은 와이어 종단점
    ; warning
    @(14950 mils, 2450 mils): Horizontal Wire, length 800 mils
[unconnected_wire_endpoint]: 연결되지 않은 와이어 종단점
    ; warning
    @(14950 mils, 2550 mils): Horizontal Wire, length 800 mils
[unconnected_wire_endpoint]: 연결되지 않은 와이어 종단점
    ; warning
    @(14950 mils, 2650 mils): Horizontal Wire, length 800 mils
[unconnected_wire_endpoint]: 연결되지 않은 와이어 종단점
    ; warning
    @(14950 mils, 2750 mils): Horizontal Wire, length 800 mils
[unconnected_wire_endpoint]: 연결되지 않은 와이어 종단점
    ; warning
    @(14950 mils, 2850 mils): Horizontal Wire, length 800 mils
[unconnected_wire_endpoint]: 연결되지 않은 와이어 종단점
    ; warning
    @(14950 mils, 2950 mils): Horizontal Wire, length 800 mils
[unconnected_wire_endpoint]: 연결되지 않은 와이어 종단점
    ; warning
    @(14950 mils, 3150 mils): Horizontal Wire, length 800 mils

 ** ERC messages: 75  Errors 21  Warnings 54

 ** Ignored checks:
    - Global label only appears once in the schematic
    - Four connection points are joined together
    - SPICE model issue
    - Assigned footprint doesn't match footprint filters
